2021-08-03 14:31:59,705:INFO:PyCaret Supervised Module
2021-08-03 14:31:59,705:INFO:ML Usecase: classification
2021-08-03 14:31:59,705:INFO:version 2.3.3
2021-08-03 14:31:59,705:INFO:Initializing setup()
2021-08-03 14:31:59,705:INFO:setup(target=Label, ml_usecase=classification, available_plots={'parameter': 'Hyperparameters', 'auc': 'AUC', 'confusion_matrix': 'Confusion Matrix', 'threshold': 'Threshold', 'pr': 'Precision Recall', 'error': 'Prediction Error', 'class_report': 'Class Report', 'rfe': 'Feature Selection', 'learning': 'Learning Curve', 'manifold': 'Manifold Learning', 'calibration': 'Calibration Curve', 'vc': 'Validation Curve', 'dimension': 'Dimensions', 'feature': 'Feature Importance', 'feature_all': 'Feature Importance (All)', 'boundary': 'Decision Boundary', 'lift': 'Lift Chart', 'gain': 'Gain Chart', 'tree': 'Decision Tree', 'ks': 'KS Statistic Plot'}, train_size=0.7, test_data=None, preprocess=True, imputation_type=simple, iterative_imputation_iters=5, categorical_features=None, categorical_imputation=constant, categorical_iterative_imputer=lightgbm, ordinal_features=None, high_cardinality_features=None, high_cardinality_method=frequency, numeric_features=None, numeric_imputation=mean, numeric_iterative_imputer=lightgbm, date_features=None, ignore_features=None, normalize=False, normalize_method=zscore, transformation=False, transformation_method=yeo-johnson, handle_unknown_categorical=True, unknown_categorical_method=least_frequent, pca=False, pca_method=linear, pca_components=None, ignore_low_variance=False, combine_rare_levels=False, rare_level_threshold=0.1, bin_numeric_features=None, remove_outliers=False, outliers_threshold=0.05, remove_multicollinearity=False, multicollinearity_threshold=0.9, remove_perfect_collinearity=True, create_clusters=False, cluster_iter=20, polynomial_features=False, polynomial_degree=2, trigonometry_features=False, polynomial_threshold=0.1, group_features=None, group_names=None, feature_selection=False, feature_selection_threshold=0.8, feature_selection_method=classic, feature_interaction=False, feature_ratio=False, interaction_threshold=0.01, fix_imbalance=False, fix_imbalance_method=None, transform_target=False, transform_target_method=box-cox, data_split_shuffle=True, data_split_stratify=False, fold_strategy=stratifiedkfold, fold=10, fold_shuffle=False, fold_groups=None, n_jobs=-1, use_gpu=False, custom_pipeline=None, html=True, session_id=None, log_experiment=False, experiment_name=None, log_plots=False, log_profile=False, log_data=False, silent=False, verbose=True, profile=False, profile_kwargs=None, display=None)
2021-08-03 14:31:59,705:INFO:Checking environment
2021-08-03 14:31:59,705:INFO:python_version: 3.8.8
2021-08-03 14:31:59,705:INFO:python_build: ('default', 'Apr 13 2021 12:59:45')
2021-08-03 14:31:59,705:INFO:machine: x86_64
2021-08-03 14:31:59,804:INFO:platform: macOS-10.16-x86_64-i386-64bit
2021-08-03 14:31:59,805:INFO:Memory: svmem(total=17179869184, available=7266476032, percent=57.7, used=9434816512, free=23371776, active=7219515392, inactive=7141867520, wired=2215301120)
2021-08-03 14:31:59,805:INFO:Physical Core: 8
2021-08-03 14:31:59,805:INFO:Logical Core: 16
2021-08-03 14:31:59,805:INFO:Checking libraries
2021-08-03 14:31:59,806:INFO:pd==1.2.4
2021-08-03 14:31:59,806:INFO:numpy==1.19.5
2021-08-03 14:31:59,806:INFO:sklearn==0.23.2
2021-08-03 14:31:59,806:INFO:lightgbm==3.2.1
2021-08-03 14:31:59,861:INFO:catboost==0.26
2021-08-03 14:31:59,861:INFO:xgboost==1.3.3
2021-08-03 14:32:00,198:INFO:mlflow==1.19.0
2021-08-03 14:32:00,198:INFO:Checking Exceptions
2021-08-03 14:32:00,198:INFO:Declaring global variables
2021-08-03 14:32:00,198:INFO:USI: 0cde
2021-08-03 14:32:00,198:INFO:pycaret_globals: {'html_param', 'X', 'experiment__', '_gpu_n_jobs_param', 'target_param', 'imputation_classifier', 'X_train', '_all_models', '_all_models_internal', 'iterative_imputation_iters_param', 'fold_groups_param', 'fix_imbalance_method_param', 'data_before_preprocess', 'stratify_param', 'USI', 'fold_groups_param_full', 'fix_imbalance_param', 'exp_name_log', 'transform_target_method_param', 'y_train', 'fold_param', 'pycaret_globals', '_internal_pipeline', '_ml_usecase', 'imputation_regressor', 'transform_target_param', 'n_jobs_param', 'create_model_container', 'fold_generator', 'log_plots_param', 'display_container', '_available_plots', 'y_test', 'seed', 'fold_shuffle_param', 'X_test', 'master_model_container', 'y', 'prep_pipe', '_all_metrics', 'logging_param', 'gpu_param'}
2021-08-03 14:32:00,198:INFO:Preparing display monitor
2021-08-03 14:32:00,199:INFO:Preparing display monitor
2021-08-03 14:32:00,213:INFO:Importing libraries
2021-08-03 14:32:00,213:INFO:Copying data for preprocessing
2021-08-03 14:32:00,240:INFO:Declaring preprocessing parameters
2021-08-03 14:32:00,246:INFO:Creating preprocessing pipeline
2021-08-03 14:32:00,275:INFO:Preprocessing pipeline created successfully
2021-08-03 14:32:00,276:ERROR:(Process Exit): setup has been interupted with user command 'quit'. setup must rerun.
2021-08-03 14:32:00,276:INFO:Creating global containers
2021-08-03 14:32:00,276:INFO:Internal pipeline: Pipeline(memory=None, steps=[('empty_step', 'passthrough')], verbose=False)
2021-08-03 14:37:25,507:INFO:PyCaret Supervised Module
2021-08-03 14:37:25,507:INFO:ML Usecase: classification
2021-08-03 14:37:25,507:INFO:version 2.3.3
2021-08-03 14:37:25,507:INFO:Initializing setup()
2021-08-03 14:37:25,507:INFO:setup(target=Label, ml_usecase=classification, available_plots={'parameter': 'Hyperparameters', 'auc': 'AUC', 'confusion_matrix': 'Confusion Matrix', 'threshold': 'Threshold', 'pr': 'Precision Recall', 'error': 'Prediction Error', 'class_report': 'Class Report', 'rfe': 'Feature Selection', 'learning': 'Learning Curve', 'manifold': 'Manifold Learning', 'calibration': 'Calibration Curve', 'vc': 'Validation Curve', 'dimension': 'Dimensions', 'feature': 'Feature Importance', 'feature_all': 'Feature Importance (All)', 'boundary': 'Decision Boundary', 'lift': 'Lift Chart', 'gain': 'Gain Chart', 'tree': 'Decision Tree', 'ks': 'KS Statistic Plot'}, train_size=0.7, test_data=None, preprocess=True, imputation_type=simple, iterative_imputation_iters=5, categorical_features=None, categorical_imputation=constant, categorical_iterative_imputer=lightgbm, ordinal_features=None, high_cardinality_features=None, high_cardinality_method=frequency, numeric_features=None, numeric_imputation=mean, numeric_iterative_imputer=lightgbm, date_features=None, ignore_features=None, normalize=False, normalize_method=zscore, transformation=False, transformation_method=yeo-johnson, handle_unknown_categorical=True, unknown_categorical_method=least_frequent, pca=False, pca_method=linear, pca_components=None, ignore_low_variance=False, combine_rare_levels=False, rare_level_threshold=0.1, bin_numeric_features=None, remove_outliers=False, outliers_threshold=0.05, remove_multicollinearity=False, multicollinearity_threshold=0.9, remove_perfect_collinearity=True, create_clusters=False, cluster_iter=20, polynomial_features=False, polynomial_degree=2, trigonometry_features=False, polynomial_threshold=0.1, group_features=None, group_names=None, feature_selection=False, feature_selection_threshold=0.8, feature_selection_method=classic, feature_interaction=False, feature_ratio=False, interaction_threshold=0.01, fix_imbalance=False, fix_imbalance_method=None, transform_target=False, transform_target_method=box-cox, data_split_shuffle=True, data_split_stratify=False, fold_strategy=stratifiedkfold, fold=10, fold_shuffle=False, fold_groups=None, n_jobs=-1, use_gpu=False, custom_pipeline=None, html=True, session_id=None, log_experiment=False, experiment_name=None, log_plots=False, log_profile=False, log_data=False, silent=False, verbose=True, profile=False, profile_kwargs=None, display=None)
2021-08-03 14:37:25,507:INFO:Checking environment
2021-08-03 14:37:25,507:INFO:python_version: 3.8.8
2021-08-03 14:37:25,507:INFO:python_build: ('default', 'Apr 13 2021 12:59:45')
2021-08-03 14:37:25,507:INFO:machine: x86_64
2021-08-03 14:37:25,657:INFO:platform: macOS-10.16-x86_64-i386-64bit
2021-08-03 14:37:25,658:INFO:Memory: svmem(total=17179869184, available=8610050048, percent=49.9, used=7004827648, free=3932598272, active=4619644928, inactive=4351049728, wired=2385182720)
2021-08-03 14:37:25,658:INFO:Physical Core: 8
2021-08-03 14:37:25,658:INFO:Logical Core: 16
2021-08-03 14:37:25,658:INFO:Checking libraries
2021-08-03 14:37:25,658:INFO:pd==1.2.4
2021-08-03 14:37:25,658:INFO:numpy==1.19.5
2021-08-03 14:37:25,658:INFO:sklearn==0.23.2
2021-08-03 14:37:25,658:INFO:lightgbm==3.2.1
2021-08-03 14:37:25,688:INFO:catboost==0.26
2021-08-03 14:37:25,688:INFO:xgboost==1.3.3
2021-08-03 14:37:25,999:INFO:mlflow==1.19.0
2021-08-03 14:37:26,000:INFO:Checking Exceptions
2021-08-03 14:37:26,000:INFO:Declaring global variables
2021-08-03 14:37:26,000:INFO:USI: 170f
2021-08-03 14:37:26,000:INFO:pycaret_globals: {'master_model_container', 'transform_target_method_param', '_all_models_internal', '_gpu_n_jobs_param', '_all_metrics', 'y_test', 'X_train', 'stratify_param', 'seed', 'data_before_preprocess', 'y', 'n_jobs_param', 'X_test', 'log_plots_param', 'display_container', 'iterative_imputation_iters_param', 'exp_name_log', 'y_train', '_all_models', 'imputation_classifier', 'fold_generator', 'imputation_regressor', 'create_model_container', 'experiment__', 'gpu_param', 'transform_target_param', 'html_param', 'logging_param', 'fold_param', 'fold_groups_param', 'fold_shuffle_param', 'fix_imbalance_param', 'USI', '_available_plots', 'X', '_internal_pipeline', 'fold_groups_param_full', 'prep_pipe', 'target_param', 'fix_imbalance_method_param', '_ml_usecase', 'pycaret_globals'}
2021-08-03 14:37:26,000:INFO:Preparing display monitor
2021-08-03 14:37:26,000:INFO:Preparing display monitor
2021-08-03 14:37:26,012:INFO:Importing libraries
2021-08-03 14:37:26,012:INFO:Copying data for preprocessing
2021-08-03 14:37:26,028:INFO:Declaring preprocessing parameters
2021-08-03 14:37:26,034:INFO:Creating preprocessing pipeline
2021-08-03 14:37:26,058:INFO:Preprocessing pipeline created successfully
2021-08-03 14:37:26,059:ERROR:(Process Exit): setup has been interupted with user command 'quit'. setup must rerun.
2021-08-03 14:37:26,059:INFO:Creating global containers
2021-08-03 14:37:26,059:INFO:Internal pipeline: Pipeline(memory=None, steps=[('empty_step', 'passthrough')], verbose=False)
2021-08-03 14:53:36,356:INFO:PyCaret NLP Module
2021-08-03 14:53:36,356:INFO:version 2.3.3
2021-08-03 14:53:36,356:INFO:Initializing setup()
2021-08-03 14:53:36,356:INFO:USI: 621d
2021-08-03 14:53:36,356:INFO:setup(data=(156060, 4), target=en, custom_stopwords=None, html=True, session_id=None, log_experiment=False,
                    experiment_name=None, log_plots=False, log_data=False, verbose=True)
2021-08-03 14:53:36,356:INFO:Checking environment
2021-08-03 14:53:36,356:INFO:python_version: 3.8.8
2021-08-03 14:53:36,356:INFO:python_build: ('default', 'Apr 13 2021 12:59:45')
2021-08-03 14:53:36,357:INFO:machine: x86_64
2021-08-03 14:53:36,374:INFO:platform: macOS-10.16-x86_64-i386-64bit
2021-08-03 14:53:36,375:INFO:Memory: svmem(total=17179869184, available=12227076096, percent=28.8, used=3242250240, free=10260893696, active=830107648, inactive=1725710336, wired=2412142592)
2021-08-03 14:53:36,375:INFO:Physical Core: 8
2021-08-03 14:53:36,375:INFO:Logical Core: 16
2021-08-03 14:53:36,375:INFO:Checking libraries
2021-08-03 14:53:36,375:INFO:pd==1.2.4
2021-08-03 14:53:36,375:INFO:numpy==1.19.5
2021-08-03 14:53:40,311:INFO:gensim==3.8.3
2021-08-03 14:53:53,961:INFO:spacy==2.3.7
2021-08-03 14:53:53,962:INFO:nltk==3.6.1
2021-08-03 14:53:53,988:INFO:textblob==0.15.3
2021-08-03 14:53:54,052:INFO:pyLDAvis==3.2.2
2021-08-03 14:53:54,458:INFO:wordcloud==1.8.1
2021-08-03 14:53:54,754:INFO:mlflow==1.19.0
2021-08-03 14:53:54,754:INFO:Checking Exceptions
2021-08-03 14:54:47,206:INFO:PyCaret NLP Module
2021-08-03 14:54:47,206:INFO:version 2.3.3
2021-08-03 14:54:47,206:INFO:Initializing setup()
2021-08-03 14:54:47,206:INFO:USI: 72aa
2021-08-03 14:54:47,207:INFO:setup(data=(76478, 4), target=en, custom_stopwords=None, html=True, session_id=None, log_experiment=False,
                    experiment_name=None, log_plots=False, log_data=False, verbose=True)
2021-08-03 14:54:47,207:INFO:Checking environment
2021-08-03 14:54:47,207:INFO:python_version: 3.8.8
2021-08-03 14:54:47,207:INFO:python_build: ('default', 'Apr 13 2021 12:59:45')
2021-08-03 14:54:47,208:INFO:machine: x86_64
2021-08-03 14:54:47,208:INFO:platform: macOS-10.16-x86_64-i386-64bit
2021-08-03 14:54:47,208:INFO:Memory: svmem(total=17179869184, available=11934748672, percent=30.5, used=3492126720, free=9845600256, active=1072955392, inactive=1813463040, wired=2419171328)
2021-08-03 14:54:47,208:INFO:Physical Core: 8
2021-08-03 14:54:47,208:INFO:Logical Core: 16
2021-08-03 14:54:47,208:INFO:Checking libraries
2021-08-03 14:54:47,208:INFO:pd==1.2.4
2021-08-03 14:54:47,208:INFO:numpy==1.19.5
2021-08-03 14:54:47,208:INFO:gensim==3.8.3
2021-08-03 14:54:47,208:INFO:spacy==2.3.7
2021-08-03 14:54:47,208:INFO:nltk==3.6.1
2021-08-03 14:54:47,208:INFO:textblob==0.15.3
2021-08-03 14:54:47,208:INFO:pyLDAvis==3.2.2
2021-08-03 14:54:47,208:INFO:wordcloud==1.8.1
2021-08-03 14:54:47,208:INFO:mlflow==1.19.0
2021-08-03 14:54:47,208:INFO:Checking Exceptions
2021-08-03 14:55:59,762:INFO:PyCaret NLP Module
2021-08-03 14:55:59,763:INFO:version 2.3.3
2021-08-03 14:55:59,763:INFO:Initializing setup()
2021-08-03 14:55:59,763:INFO:USI: efff
2021-08-03 14:55:59,763:INFO:setup(data=(76478, 4), target=sentiment, custom_stopwords=None, html=True, session_id=None, log_experiment=False,
                    experiment_name=None, log_plots=False, log_data=False, verbose=True)
2021-08-03 14:55:59,763:INFO:Checking environment
2021-08-03 14:55:59,763:INFO:python_version: 3.8.8
2021-08-03 14:55:59,763:INFO:python_build: ('default', 'Apr 13 2021 12:59:45')
2021-08-03 14:55:59,763:INFO:machine: x86_64
2021-08-03 14:55:59,763:INFO:platform: macOS-10.16-x86_64-i386-64bit
2021-08-03 14:55:59,763:INFO:Memory: svmem(total=17179869184, available=11912081408, percent=30.7, used=3515027456, free=9820553216, active=1090768896, inactive=1814081536, wired=2424258560)
2021-08-03 14:55:59,763:INFO:Physical Core: 8
2021-08-03 14:55:59,763:INFO:Logical Core: 16
2021-08-03 14:55:59,763:INFO:Checking libraries
2021-08-03 14:55:59,763:INFO:pd==1.2.4
2021-08-03 14:55:59,763:INFO:numpy==1.19.5
2021-08-03 14:55:59,764:INFO:gensim==3.8.3
2021-08-03 14:55:59,764:INFO:spacy==2.3.7
2021-08-03 14:55:59,764:INFO:nltk==3.6.1
2021-08-03 14:55:59,764:INFO:textblob==0.15.3
2021-08-03 14:55:59,764:INFO:pyLDAvis==3.2.2
2021-08-03 14:55:59,764:INFO:wordcloud==1.8.1
2021-08-03 14:55:59,764:INFO:mlflow==1.19.0
2021-08-03 14:55:59,764:INFO:Checking Exceptions
2021-08-03 14:56:03,194:INFO:PyCaret NLP Module
2021-08-03 14:56:03,194:INFO:version 2.3.3
2021-08-03 14:56:03,194:INFO:Initializing setup()
2021-08-03 14:56:03,194:INFO:USI: d5b2
2021-08-03 14:56:03,194:INFO:setup(data=(76478, 4), target=Sentiment, custom_stopwords=None, html=True, session_id=None, log_experiment=False,
                    experiment_name=None, log_plots=False, log_data=False, verbose=True)
2021-08-03 14:56:03,194:INFO:Checking environment
2021-08-03 14:56:03,195:INFO:python_version: 3.8.8
2021-08-03 14:56:03,195:INFO:python_build: ('default', 'Apr 13 2021 12:59:45')
2021-08-03 14:56:03,195:INFO:machine: x86_64
2021-08-03 14:56:03,195:INFO:platform: macOS-10.16-x86_64-i386-64bit
2021-08-03 14:56:03,195:INFO:Memory: svmem(total=17179869184, available=11915153408, percent=30.6, used=3511922688, free=9823612928, active=1091903488, inactive=1814085632, wired=2420019200)
2021-08-03 14:56:03,195:INFO:Physical Core: 8
2021-08-03 14:56:03,195:INFO:Logical Core: 16
2021-08-03 14:56:03,195:INFO:Checking libraries
2021-08-03 14:56:03,195:INFO:pd==1.2.4
2021-08-03 14:56:03,195:INFO:numpy==1.19.5
2021-08-03 14:56:03,195:INFO:gensim==3.8.3
2021-08-03 14:56:03,195:INFO:spacy==2.3.7
2021-08-03 14:56:03,195:INFO:nltk==3.6.1
2021-08-03 14:56:03,196:INFO:textblob==0.15.3
2021-08-03 14:56:03,196:INFO:pyLDAvis==3.2.2
2021-08-03 14:56:03,196:INFO:wordcloud==1.8.1
2021-08-03 14:56:03,196:INFO:mlflow==1.19.0
2021-08-03 14:56:03,196:INFO:Checking Exceptions
